{"numFailedTestSuites":4,"numFailedTests":9,"numPassedTestSuites":8,"numPassedTests":90,"numPendingTestSuites":0,"numPendingTests":17,"numRuntimeErrorTestSuites":0,"numTodoTests":0,"numTotalTestSuites":12,"numTotalTests":116,"openHandles":[],"snapshot":{"added":0,"didUpdate":false,"failure":false,"filesAdded":0,"filesRemoved":0,"filesRemovedList":[],"filesUnmatched":0,"filesUpdated":0,"matched":0,"total":0,"unchecked":0,"uncheckedKeysByFile":[],"unmatched":0,"updated":0},"startTime":1771431749950,"success":false,"testResults":[{"assertionResults":[{"ancestorTitles":["Movie Details Integration Tests","GET /movies/{id}/details"],"duration":50,"failureDetails":[],"failureMessages":[],"fullName":"Movie Details Integration Tests GET /movies/{id}/details should fetch and return combined local and TMDB data","invocations":1,"location":null,"numPassingAsserts":15,"retryReasons":[],"status":"passed","title":"should fetch and return combined local and TMDB data"},{"ancestorTitles":["Movie Details Integration Tests","GET /movies/{id}/details"],"duration":7,"failureDetails":[],"failureMessages":[],"fullName":"Movie Details Integration Tests GET /movies/{id}/details should handle TMDB API errors gracefully","invocations":1,"location":null,"numPassingAsserts":2,"retryReasons":[],"status":"passed","title":"should handle TMDB API errors gracefully"}],"endTime":1771431751953,"message":"","name":"/Users/rjl/Projects/filmdex/backend/tests/integration/movieDetails.test.js","startTime":1771431750210,"status":"passed","summary":""},{"assertionResults":[{"ancestorTitles":["Movie Details Contract Tests","GET /movies/{id}/details"],"duration":48,"failureDetails":[],"failureMessages":[],"fullName":"Movie Details Contract Tests GET /movies/{id}/details should return 200 with movie details when movie exists","invocations":1,"location":null,"numPassingAsserts":25,"retryReasons":[],"status":"passed","title":"should return 200 with movie details when movie exists"},{"ancestorTitles":["Movie Details Contract Tests","GET /movies/{id}/details"],"duration":49,"failureDetails":[],"failureMessages":[],"fullName":"Movie Details Contract Tests GET /movies/{id}/details should return 404 when movie does not exist","invocations":1,"location":null,"numPassingAsserts":1,"retryReasons":[],"status":"passed","title":"should return 404 when movie does not exist"},{"ancestorTitles":["Movie Details Contract Tests","GET /movies/{id}/details"],"duration":4,"failureDetails":[],"failureMessages":[],"fullName":"Movie Details Contract Tests GET /movies/{id}/details should return 400 when id is not a valid number","invocations":1,"location":null,"numPassingAsserts":1,"retryReasons":[],"status":"passed","title":"should return 400 when id is not a valid number"}],"endTime":1771431751994,"message":"","name":"/Users/rjl/Projects/filmdex/backend/tests/contract/movieDetails.test.js","startTime":1771431750211,"status":"passed","summary":""},{"assertionResults":[{"ancestorTitles":["CSV Import Integration Flow"],"duration":125,"failureDetails":[],"failureMessages":[],"fullName":"CSV Import Integration Flow should complete full CSV import flow with valid data","invocations":1,"location":null,"numPassingAsserts":8,"retryReasons":[],"status":"passed","title":"should complete full CSV import flow with valid data"},{"ancestorTitles":["CSV Import Integration Flow"],"duration":16,"failureDetails":[],"failureMessages":[],"fullName":"CSV Import Integration Flow should handle CSV with missing required fields gracefully","invocations":1,"location":null,"numPassingAsserts":4,"retryReasons":[],"status":"passed","title":"should handle CSV with missing required fields gracefully"},{"ancestorTitles":["CSV Import Integration Flow"],"duration":38,"failureDetails":[],"failureMessages":[],"fullName":"CSV Import Integration Flow should handle empty CSV file","invocations":1,"location":null,"numPassingAsserts":4,"retryReasons":[],"status":"passed","title":"should handle empty CSV file"},{"ancestorTitles":["CSV Import Integration Flow"],"duration":22,"failureDetails":[{}],"failureMessages":["Error: expected 200 \"OK\", got 500 \"Internal Server Error\"\n    at Object.expect (/Users/rjl/Projects/filmdex/backend/tests/integration/csvImport.test.js:195:8)\n----\n    at Test._assertStatus (/Users/rjl/Projects/filmdex/backend/node_modules/supertest/lib/test.js:309:14)\n    at /Users/rjl/Projects/filmdex/backend/node_modules/supertest/lib/test.js:365:13\n    at Test._assertFunction (/Users/rjl/Projects/filmdex/backend/node_modules/supertest/lib/test.js:342:13)\n    at Test.assert (/Users/rjl/Projects/filmdex/backend/node_modules/supertest/lib/test.js:195:23)\n    at localAssert (/Users/rjl/Projects/filmdex/backend/node_modules/supertest/lib/test.js:138:14)\n    at Server.<anonymous> (/Users/rjl/Projects/filmdex/backend/node_modules/supertest/lib/test.js:152:11)\n    at Object.onceWrapper (node:events:621:28)\n    at Server.emit (node:events:507:28)\n    at emitCloseNT (node:net:2418:8)\n    at processTicksAndRejections (node:internal/process/task_queues:89:21)"],"fullName":"CSV Import Integration Flow should handle movie resolution flow","invocations":1,"location":null,"numPassingAsserts":0,"retryReasons":[],"status":"failed","title":"should handle movie resolution flow"},{"ancestorTitles":["CSV Import Integration Flow"],"duration":36,"failureDetails":[],"failureMessages":[],"fullName":"CSV Import Integration Flow should get movie suggestions for unmatched movies","invocations":1,"location":null,"numPassingAsserts":2,"retryReasons":[],"status":"passed","title":"should get movie suggestions for unmatched movies"}],"endTime":1771431752168,"message":"  ● CSV Import Integration Flow › should handle movie resolution flow\n\n    expected 200 \"OK\", got 500 \"Internal Server Error\"\n\n      193 |       .post('/api/import/resolve')\n      194 |       .send(resolveData)\n    > 195 |       .expect(200);\n          |        ^\n      196 |\n      197 |     expect(resolveResponse.body).toHaveProperty('success', true);\n      198 |     expect(resolveResponse.body).toHaveProperty('movie');\n\n      at Object.expect (tests/integration/csvImport.test.js:195:8)\n      ----\n      at Test._assertStatus (node_modules/supertest/lib/test.js:309:14)\n      at node_modules/supertest/lib/test.js:365:13\n      at Test._assertFunction (node_modules/supertest/lib/test.js:342:13)\n      at Test.assert (node_modules/supertest/lib/test.js:195:23)\n      at localAssert (node_modules/supertest/lib/test.js:138:14)\n      at Server.<anonymous> (node_modules/supertest/lib/test.js:152:11)\n","name":"/Users/rjl/Projects/filmdex/backend/tests/integration/csvImport.test.js","startTime":1771431750199,"status":"failed","summary":""},{"assertionResults":[{"ancestorTitles":["POST /api/import/resolve"],"duration":388,"failureDetails":[{}],"failureMessages":["Error: expected 200 \"OK\", got 500 \"Internal Server Error\"\n    at Object.expect (/Users/rjl/Projects/filmdex/backend/tests/contract/resolveMovie.test.js:57:8)\n    at Promise.then.completed (/Users/rjl/Projects/filmdex/backend/node_modules/jest-circus/build/utils.js:298:28)\n    at new Promise (<anonymous>)\n    at callAsyncCircusFn (/Users/rjl/Projects/filmdex/backend/node_modules/jest-circus/build/utils.js:231:10)\n    at _callCircusTest (/Users/rjl/Projects/filmdex/backend/node_modules/jest-circus/build/run.js:316:40)\n    at _runTest (/Users/rjl/Projects/filmdex/backend/node_modules/jest-circus/build/run.js:252:3)\n    at _runTestsForDescribeBlock (/Users/rjl/Projects/filmdex/backend/node_modules/jest-circus/build/run.js:126:9)\n    at _runTestsForDescribeBlock (/Users/rjl/Projects/filmdex/backend/node_modules/jest-circus/build/run.js:121:9)\n    at run (/Users/rjl/Projects/filmdex/backend/node_modules/jest-circus/build/run.js:71:3)\n    at runAndTransformResultsToJestFormat (/Users/rjl/Projects/filmdex/backend/node_modules/jest-circus/build/legacy-code-todo-rewrite/jestAdapterInit.js:122:21)\n    at jestAdapter (/Users/rjl/Projects/filmdex/backend/node_modules/jest-circus/build/legacy-code-todo-rewrite/jestAdapter.js:79:19)\n    at runTestInternal (/Users/rjl/Projects/filmdex/backend/node_modules/jest-runner/build/runTest.js:367:16)\n    at runTest (/Users/rjl/Projects/filmdex/backend/node_modules/jest-runner/build/runTest.js:444:34)\n    at Object.worker (/Users/rjl/Projects/filmdex/backend/node_modules/jest-runner/build/testWorker.js:106:12)\n----\n    at Test._assertStatus (/Users/rjl/Projects/filmdex/backend/node_modules/supertest/lib/test.js:309:14)\n    at /Users/rjl/Projects/filmdex/backend/node_modules/supertest/lib/test.js:365:13\n    at Test._assertFunction (/Users/rjl/Projects/filmdex/backend/node_modules/supertest/lib/test.js:342:13)\n    at Test.assert (/Users/rjl/Projects/filmdex/backend/node_modules/supertest/lib/test.js:195:23)\n    at localAssert (/Users/rjl/Projects/filmdex/backend/node_modules/supertest/lib/test.js:138:14)\n    at Server.<anonymous> (/Users/rjl/Projects/filmdex/backend/node_modules/supertest/lib/test.js:152:11)\n    at Object.onceWrapper (node:events:621:28)\n    at Server.emit (node:events:507:28)\n    at emitCloseNT (node:net:2418:8)\n    at processTicksAndRejections (node:internal/process/task_queues:89:21)"],"fullName":"POST /api/import/resolve should resolve a movie with valid data","invocations":1,"location":null,"numPassingAsserts":0,"retryReasons":[],"status":"failed","title":"should resolve a movie with valid data"},{"ancestorTitles":["POST /api/import/resolve"],"duration":8,"failureDetails":[],"failureMessages":[],"fullName":"POST /api/import/resolve should return 400 for missing required fields","invocations":1,"location":null,"numPassingAsserts":2,"retryReasons":[],"status":"passed","title":"should return 400 for missing required fields"},{"ancestorTitles":["POST /api/import/resolve"],"duration":6,"failureDetails":[],"failureMessages":[],"fullName":"POST /api/import/resolve should return 400 for missing importId","invocations":1,"location":null,"numPassingAsserts":2,"retryReasons":[],"status":"passed","title":"should return 400 for missing importId"},{"ancestorTitles":["POST /api/import/resolve"],"duration":5,"failureDetails":[],"failureMessages":[],"fullName":"POST /api/import/resolve should return 400 for missing unmatchedMovieTitle","invocations":1,"location":null,"numPassingAsserts":2,"retryReasons":[],"status":"passed","title":"should return 400 for missing unmatchedMovieTitle"}],"endTime":1771431752321,"message":"  ● POST /api/import/resolve › should resolve a movie with valid data\n\n    expected 200 \"OK\", got 500 \"Internal Server Error\"\n\n      55 |       .post('/api/import/resolve')\n      56 |       .send(resolveData)\n    > 57 |       .expect(200);\n         |        ^\n      58 |\n      59 |     expect(response.body).toHaveProperty('success', true);\n      60 |     expect(response.body).toHaveProperty('movie');\n\n      at Object.expect (tests/contract/resolveMovie.test.js:57:8)\n      ----\n      at Test._assertStatus (node_modules/supertest/lib/test.js:309:14)\n      at node_modules/supertest/lib/test.js:365:13\n      at Test._assertFunction (node_modules/supertest/lib/test.js:342:13)\n      at Test.assert (node_modules/supertest/lib/test.js:195:23)\n      at localAssert (node_modules/supertest/lib/test.js:138:14)\n      at Server.<anonymous> (node_modules/supertest/lib/test.js:152:11)\n","name":"/Users/rjl/Projects/filmdex/backend/tests/contract/resolveMovie.test.js","startTime":1771431750205,"status":"failed","summary":""},{"assertionResults":[{"ancestorTitles":["GET /api/import/:id/suggestions"],"duration":27,"failureDetails":[],"failureMessages":[],"fullName":"GET /api/import/:id/suggestions should return movie suggestions for valid title","invocations":1,"location":null,"numPassingAsserts":9,"retryReasons":[],"status":"passed","title":"should return movie suggestions for valid title"},{"ancestorTitles":["GET /api/import/:id/suggestions"],"duration":20,"failureDetails":[],"failureMessages":[],"fullName":"GET /api/import/:id/suggestions should return movie suggestions with year filter","invocations":1,"location":null,"numPassingAsserts":2,"retryReasons":[],"status":"passed","title":"should return movie suggestions with year filter"},{"ancestorTitles":["GET /api/import/:id/suggestions"],"duration":3,"failureDetails":[],"failureMessages":[],"fullName":"GET /api/import/:id/suggestions should return 400 for missing title parameter","invocations":1,"location":null,"numPassingAsserts":1,"retryReasons":[],"status":"passed","title":"should return 400 for missing title parameter"},{"ancestorTitles":["GET /api/import/:id/suggestions"],"duration":22,"failureDetails":[],"failureMessages":[],"fullName":"GET /api/import/:id/suggestions should return empty suggestions for non-existent movie","invocations":1,"location":null,"numPassingAsserts":3,"retryReasons":[],"status":"passed","title":"should return empty suggestions for non-existent movie"}],"endTime":1771431752502,"message":"","name":"/Users/rjl/Projects/filmdex/backend/tests/contract/movieSuggestions.test.js","startTime":1771431752178,"status":"passed","summary":""},{"assertionResults":[{"ancestorTitles":["POST /api/movies"],"duration":63,"failureDetails":[],"failureMessages":[],"fullName":"POST /api/movies should return 201 status code when valid movie object is provided","invocations":1,"location":null,"numPassingAsserts":3,"retryReasons":[],"status":"passed","title":"should return 201 status code when valid movie object is provided"},{"ancestorTitles":["POST /api/movies"],"duration":8,"failureDetails":[],"failureMessages":[],"fullName":"POST /api/movies should return 400 when required fields are missing","invocations":1,"location":null,"numPassingAsserts":2,"retryReasons":[],"status":"passed","title":"should return 400 when required fields are missing"},{"ancestorTitles":["POST /api/movies"],"duration":200,"failureDetails":[],"failureMessages":[],"fullName":"POST /api/movies should handle movie with minimal required data","invocations":1,"location":null,"numPassingAsserts":2,"retryReasons":[],"status":"passed","title":"should handle movie with minimal required data"},{"ancestorTitles":["POST /api/movies"],"duration":295,"failureDetails":[],"failureMessages":[],"fullName":"POST /api/movies should properly handle cast as array","invocations":1,"location":null,"numPassingAsserts":3,"retryReasons":[],"status":"passed","title":"should properly handle cast as array"},{"ancestorTitles":["POST /api/movies"],"duration":160,"failureDetails":[],"failureMessages":[],"fullName":"POST /api/movies should handle new fields correctly","invocations":1,"location":null,"numPassingAsserts":7,"retryReasons":[],"status":"passed","title":"should handle new fields correctly"}],"endTime":1771431752614,"message":"","name":"/Users/rjl/Projects/filmdex/backend/tests/contract/addMovie.test.js","startTime":1771431750203,"status":"passed","summary":""},{"assertionResults":[{"ancestorTitles":["GET /api/movies/search/tmdb"],"duration":27,"failureDetails":[],"failureMessages":[],"fullName":"GET /api/movies/search/tmdb should return 200 status code and array of movies when provided with valid query","invocations":1,"location":null,"numPassingAsserts":2,"retryReasons":[],"status":"passed","title":"should return 200 status code and array of movies when provided with valid query"},{"ancestorTitles":["GET /api/movies/search/tmdb"],"duration":28,"failureDetails":[],"failureMessages":[],"fullName":"GET /api/movies/search/tmdb should return empty array when no movies found","invocations":1,"location":null,"numPassingAsserts":3,"retryReasons":[],"status":"passed","title":"should return empty array when no movies found"},{"ancestorTitles":["GET /api/movies/search/tmdb"],"duration":3,"failureDetails":[],"failureMessages":[],"fullName":"GET /api/movies/search/tmdb should return 400 when query parameter is missing","invocations":1,"location":null,"numPassingAsserts":2,"retryReasons":[],"status":"passed","title":"should return 400 when query parameter is missing"},{"ancestorTitles":["GET /api/movies/search/tmdb"],"duration":19,"failureDetails":[],"failureMessages":[],"fullName":"GET /api/movies/search/tmdb should handle search with year parameter","invocations":1,"location":null,"numPassingAsserts":2,"retryReasons":[],"status":"passed","title":"should handle search with year parameter"}],"endTime":1771431752673,"message":"","name":"/Users/rjl/Projects/filmdex/backend/tests/contract/movieSearch.test.js","startTime":1771431752334,"status":"passed","summary":""},{"assertionResults":[{"ancestorTitles":["POST /api/import/csv"],"duration":25,"failureDetails":[],"failureMessages":[],"fullName":"POST /api/import/csv should accept a valid CSV file and return headers","invocations":1,"location":null,"numPassingAsserts":5,"retryReasons":[],"status":"passed","title":"should accept a valid CSV file and return headers"},{"ancestorTitles":["POST /api/import/csv"],"duration":17,"failureDetails":[],"failureMessages":[],"fullName":"POST /api/import/csv should reject non-CSV files","invocations":1,"location":null,"numPassingAsserts":2,"retryReasons":[],"status":"passed","title":"should reject non-CSV files"},{"ancestorTitles":["POST /api/import/csv"],"duration":359,"failureDetails":[],"failureMessages":[],"fullName":"POST /api/import/csv should reject files that are too large","invocations":1,"location":null,"numPassingAsserts":2,"retryReasons":[],"status":"passed","title":"should reject files that are too large"},{"ancestorTitles":["POST /api/import/csv"],"duration":4,"failureDetails":[],"failureMessages":[],"fullName":"POST /api/import/csv should reject requests without files","invocations":1,"location":null,"numPassingAsserts":2,"retryReasons":[],"status":"passed","title":"should reject requests without files"},{"ancestorTitles":["POST /api/import/process"],"duration":15,"failureDetails":[],"failureMessages":[],"fullName":"POST /api/import/process should process CSV with column mapping and return import ID","invocations":1,"location":null,"numPassingAsserts":2,"retryReasons":[],"status":"passed","title":"should process CSV with column mapping and return import ID"},{"ancestorTitles":["POST /api/import/process"],"duration":5,"failureDetails":[],"failureMessages":[],"fullName":"POST /api/import/process should reject requests without file path","invocations":1,"location":null,"numPassingAsserts":2,"retryReasons":[],"status":"passed","title":"should reject requests without file path"},{"ancestorTitles":["POST /api/import/process"],"duration":31,"failureDetails":[],"failureMessages":[],"fullName":"POST /api/import/process should reject requests without column mapping","invocations":1,"location":null,"numPassingAsserts":2,"retryReasons":[],"status":"passed","title":"should reject requests without column mapping"}],"endTime":1771431752690,"message":"","name":"/Users/rjl/Projects/filmdex/backend/tests/contract/importCsv.test.js","startTime":1771431752004,"status":"passed","summary":""},{"assertionResults":[{"ancestorTitles":["GET /api/import/:id"],"duration":7,"failureDetails":[],"failureMessages":[],"fullName":"GET /api/import/:id should return import status for valid import ID","invocations":1,"location":null,"numPassingAsserts":6,"retryReasons":[],"status":"passed","title":"should return import status for valid import ID"},{"ancestorTitles":["GET /api/import/:id"],"duration":9,"failureDetails":[],"failureMessages":[],"fullName":"GET /api/import/:id should return 404 for non-existent import ID","invocations":1,"location":null,"numPassingAsserts":1,"retryReasons":[],"status":"passed","title":"should return 404 for non-existent import ID"},{"ancestorTitles":["GET /api/import/:id"],"duration":4,"failureDetails":[],"failureMessages":[],"fullName":"GET /api/import/:id should return 404 for invalid import ID format","invocations":1,"location":null,"numPassingAsserts":1,"retryReasons":[],"status":"passed","title":"should return 404 for invalid import ID format"}],"endTime":1771431752771,"message":"","name":"/Users/rjl/Projects/filmdex/backend/tests/contract/importStatus.test.js","startTime":1771431752514,"status":"passed","summary":""},{"assertionResults":[{"ancestorTitles":["Integration: Add Movie Flow"],"duration":307,"failureDetails":[],"failureMessages":[],"fullName":"Integration: Add Movie Flow should simulate the entire flow of searching for a movie and adding it to the database","invocations":1,"location":null,"numPassingAsserts":7,"retryReasons":[],"status":"passed","title":"should simulate the entire flow of searching for a movie and adding it to the database"},{"ancestorTitles":["Integration: Add Movie Flow"],"duration":197,"failureDetails":[],"failureMessages":[],"fullName":"Integration: Add Movie Flow should handle adding a movie manually when search returns no results","invocations":1,"location":null,"numPassingAsserts":7,"retryReasons":[],"status":"passed","title":"should handle adding a movie manually when search returns no results"},{"ancestorTitles":["Integration: Add Movie Flow"],"duration":317,"failureDetails":[],"failureMessages":[],"fullName":"Integration: Add Movie Flow should prevent adding duplicate movies from the same source","invocations":1,"location":null,"numPassingAsserts":2,"retryReasons":[],"status":"passed","title":"should prevent adding duplicate movies from the same source"}],"endTime":1771431753039,"message":"","name":"/Users/rjl/Projects/filmdex/backend/tests/integration/addMovie.test.js","startTime":1771431751985,"status":"passed","summary":""},{"assertionResults":[{"ancestorTitles":["normalizeFormat"],"duration":6,"failureDetails":[],"failureMessages":[],"fullName":"normalizeFormat maps 4K variants to Blu-ray 4K","invocations":1,"location":null,"numPassingAsserts":4,"retryReasons":[],"status":"passed","title":"maps 4K variants to Blu-ray 4K"},{"ancestorTitles":["normalizeFormat"],"duration":1,"failureDetails":[],"failureMessages":[],"fullName":"normalizeFormat maps Blu-ray variants","invocations":1,"location":null,"numPassingAsserts":3,"retryReasons":[],"status":"passed","title":"maps Blu-ray variants"},{"ancestorTitles":["normalizeFormat"],"duration":1,"failureDetails":[],"failureMessages":[],"fullName":"normalizeFormat maps DVD variants","invocations":1,"location":null,"numPassingAsserts":2,"retryReasons":[],"status":"passed","title":"maps DVD variants"},{"ancestorTitles":["normalizeFormat"],"duration":1,"failureDetails":[],"failureMessages":[],"fullName":"normalizeFormat maps Digital variants","invocations":1,"location":null,"numPassingAsserts":2,"retryReasons":[],"status":"passed","title":"maps Digital variants"},{"ancestorTitles":["normalizeFormat"],"duration":1,"failureDetails":[],"failureMessages":[],"fullName":"normalizeFormat returns null for unknown formats","invocations":1,"location":null,"numPassingAsserts":3,"retryReasons":[],"status":"passed","title":"returns null for unknown formats"},{"ancestorTitles":["parseResponse"],"duration":1,"failureDetails":[],"failureMessages":[],"fullName":"parseResponse parses clean JSON","invocations":1,"location":null,"numPassingAsserts":2,"retryReasons":[],"status":"passed","title":"parses clean JSON"},{"ancestorTitles":["parseResponse"],"duration":1,"failureDetails":[],"failureMessages":[],"fullName":"parseResponse handles code fences","invocations":1,"location":null,"numPassingAsserts":2,"retryReasons":[],"status":"passed","title":"handles code fences"},{"ancestorTitles":["parseResponse"],"duration":1,"failureDetails":[],"failureMessages":[],"fullName":"parseResponse handles <think> tags","invocations":1,"location":null,"numPassingAsserts":2,"retryReasons":[],"status":"passed","title":"handles <think> tags"},{"ancestorTitles":["parseResponse"],"duration":0,"failureDetails":[],"failureMessages":[],"fullName":"parseResponse handles code fences with think tags","invocations":1,"location":null,"numPassingAsserts":1,"retryReasons":[],"status":"passed","title":"handles code fences with think tags"},{"ancestorTitles":["parseResponse"],"duration":1,"failureDetails":[],"failureMessages":[],"fullName":"parseResponse extracts JSON from surrounding text","invocations":1,"location":null,"numPassingAsserts":1,"retryReasons":[],"status":"passed","title":"extracts JSON from surrounding text"},{"ancestorTitles":["parseResponse"],"duration":1,"failureDetails":[],"failureMessages":[],"fullName":"parseResponse falls back to regex extraction","invocations":1,"location":null,"numPassingAsserts":3,"retryReasons":[],"status":"passed","title":"falls back to regex extraction"},{"ancestorTitles":["parseResponse"],"duration":0,"failureDetails":[],"failureMessages":[],"fullName":"parseResponse returns null for empty input","invocations":1,"location":null,"numPassingAsserts":2,"retryReasons":[],"status":"passed","title":"returns null for empty input"},{"ancestorTitles":["parseResponse"],"duration":1,"failureDetails":[],"failureMessages":[],"fullName":"parseResponse returns null for unparseable text","invocations":1,"location":null,"numPassingAsserts":1,"retryReasons":[],"status":"passed","title":"returns null for unparseable text"},{"ancestorTitles":["rankResults"],"duration":0,"failureDetails":[],"failureMessages":[],"fullName":"rankResults ranks exact title match highest","invocations":1,"location":null,"numPassingAsserts":1,"retryReasons":[],"status":"passed","title":"ranks exact title match highest"},{"ancestorTitles":["rankResults"],"duration":1,"failureDetails":[],"failureMessages":[],"fullName":"rankResults ranks by year match","invocations":1,"location":null,"numPassingAsserts":1,"retryReasons":[],"status":"passed","title":"ranks by year match"},{"ancestorTitles":["rankResults"],"duration":1,"failureDetails":[],"failureMessages":[],"fullName":"rankResults returns empty array for empty input","invocations":1,"location":null,"numPassingAsserts":1,"retryReasons":[],"status":"passed","title":"returns empty array for empty input"},{"ancestorTitles":["rankResults"],"duration":1,"failureDetails":[],"failureMessages":[],"fullName":"rankResults returns results unchanged when no LLM result","invocations":1,"location":null,"numPassingAsserts":1,"retryReasons":[],"status":"passed","title":"returns results unchanged when no LLM result"},{"ancestorTitles":["LLM Integration Tests","LLM extraction tests"],"duration":6174,"failureDetails":[],"failureMessages":[],"fullName":"LLM Integration Tests LLM extraction tests extracts title from movie1 (webp - may not be supported)","invocations":1,"location":null,"numPassingAsserts":2,"retryReasons":[],"status":"passed","title":"extracts title from movie1 (webp - may not be supported)"},{"ancestorTitles":["LLM Integration Tests","LLM extraction tests"],"duration":4711,"failureDetails":[],"failureMessages":[],"fullName":"LLM Integration Tests LLM extraction tests extracts title from movie10","invocations":1,"location":null,"numPassingAsserts":2,"retryReasons":[],"status":"passed","title":"extracts title from movie10"},{"ancestorTitles":["LLM Integration Tests","LLM extraction tests"],"duration":4666,"failureDetails":[],"failureMessages":[],"fullName":"LLM Integration Tests LLM extraction tests extracts title from movie11","invocations":1,"location":null,"numPassingAsserts":2,"retryReasons":[],"status":"passed","title":"extracts title from movie11"},{"ancestorTitles":["LLM Integration Tests","LLM extraction tests"],"duration":2827,"failureDetails":[],"failureMessages":[],"fullName":"LLM Integration Tests LLM extraction tests extracts title from movie12","invocations":1,"location":null,"numPassingAsserts":2,"retryReasons":[],"status":"passed","title":"extracts title from movie12"},{"ancestorTitles":["LLM Integration Tests","LLM extraction tests"],"duration":4591,"failureDetails":[],"failureMessages":[],"fullName":"LLM Integration Tests LLM extraction tests extracts title from movie13","invocations":1,"location":null,"numPassingAsserts":2,"retryReasons":[],"status":"passed","title":"extracts title from movie13"},{"ancestorTitles":["LLM Integration Tests","LLM extraction tests"],"duration":5116,"failureDetails":[],"failureMessages":[],"fullName":"LLM Integration Tests LLM extraction tests extracts title from movie14","invocations":1,"location":null,"numPassingAsserts":2,"retryReasons":[],"status":"passed","title":"extracts title from movie14"},{"ancestorTitles":["LLM Integration Tests","LLM extraction tests"],"duration":4713,"failureDetails":[{"matcherResult":{"message":"expect(received).toBeLessThanOrEqual(expected)\n\nExpected: <= 2\nReceived:    5","pass":false}}],"failureMessages":["Error: expect(received).toBeLessThanOrEqual(expected)\n\nExpected: <= 2\nReceived:    5\n    at Object.toBeLessThanOrEqual (/Users/rjl/Projects/filmdex/backend/tests/coverScan.test.js:179:67)\n    at processTicksAndRejections (node:internal/process/task_queues:105:5)"],"fullName":"LLM Integration Tests LLM extraction tests extracts title from movie15","invocations":1,"location":null,"numPassingAsserts":1,"retryReasons":[],"status":"failed","title":"extracts title from movie15"},{"ancestorTitles":["LLM Integration Tests","LLM extraction tests"],"duration":4704,"failureDetails":[],"failureMessages":[],"fullName":"LLM Integration Tests LLM extraction tests extracts title from movie16","invocations":1,"location":null,"numPassingAsserts":2,"retryReasons":[],"status":"passed","title":"extracts title from movie16"},{"ancestorTitles":["LLM Integration Tests","LLM extraction tests"],"duration":4741,"failureDetails":[],"failureMessages":[],"fullName":"LLM Integration Tests LLM extraction tests extracts title from movie17","invocations":1,"location":null,"numPassingAsserts":2,"retryReasons":[],"status":"passed","title":"extracts title from movie17"},{"ancestorTitles":["LLM Integration Tests","LLM extraction tests"],"duration":2380,"failureDetails":[],"failureMessages":[],"fullName":"LLM Integration Tests LLM extraction tests extracts title from movie2 (webp - may not be supported)","invocations":1,"location":null,"numPassingAsserts":2,"retryReasons":[],"status":"passed","title":"extracts title from movie2 (webp - may not be supported)"},{"ancestorTitles":["LLM Integration Tests","LLM extraction tests"],"duration":5152,"failureDetails":[],"failureMessages":[],"fullName":"LLM Integration Tests LLM extraction tests extracts title from movie3","invocations":1,"location":null,"numPassingAsserts":2,"retryReasons":[],"status":"passed","title":"extracts title from movie3"},{"ancestorTitles":["LLM Integration Tests","LLM extraction tests"],"duration":4819,"failureDetails":[],"failureMessages":[],"fullName":"LLM Integration Tests LLM extraction tests extracts title from movie4","invocations":1,"location":null,"numPassingAsserts":2,"retryReasons":[],"status":"passed","title":"extracts title from movie4"},{"ancestorTitles":["LLM Integration Tests","LLM extraction tests"],"duration":4870,"failureDetails":[],"failureMessages":[],"fullName":"LLM Integration Tests LLM extraction tests extracts title from movie5","invocations":1,"location":null,"numPassingAsserts":2,"retryReasons":[],"status":"passed","title":"extracts title from movie5"},{"ancestorTitles":["LLM Integration Tests","LLM extraction tests"],"duration":4362,"failureDetails":[],"failureMessages":[],"fullName":"LLM Integration Tests LLM extraction tests extracts title from movie6","invocations":1,"location":null,"numPassingAsserts":2,"retryReasons":[],"status":"passed","title":"extracts title from movie6"},{"ancestorTitles":["LLM Integration Tests","LLM extraction tests"],"duration":4905,"failureDetails":[],"failureMessages":[],"fullName":"LLM Integration Tests LLM extraction tests extracts title from movie7","invocations":1,"location":null,"numPassingAsserts":2,"retryReasons":[],"status":"passed","title":"extracts title from movie7"},{"ancestorTitles":["LLM Integration Tests","LLM extraction tests"],"duration":4815,"failureDetails":[],"failureMessages":[],"fullName":"LLM Integration Tests LLM extraction tests extracts title from movie8","invocations":1,"location":null,"numPassingAsserts":2,"retryReasons":[],"status":"passed","title":"extracts title from movie8"},{"ancestorTitles":["LLM Integration Tests","LLM extraction tests"],"duration":4785,"failureDetails":[],"failureMessages":[],"fullName":"LLM Integration Tests LLM extraction tests extracts title from movie9","invocations":1,"location":null,"numPassingAsserts":2,"retryReasons":[],"status":"passed","title":"extracts title from movie9"},{"ancestorTitles":["Full Pipeline Tests"],"duration":null,"failureDetails":[],"failureMessages":[],"fullName":"Full Pipeline Tests pipeline finds correct TMDB match for movie1 (tmdb_id: 458156)","invocations":1,"location":null,"numPassingAsserts":0,"retryReasons":[],"status":"pending","title":"pipeline finds correct TMDB match for movie1 (tmdb_id: 458156)"},{"ancestorTitles":["Full Pipeline Tests"],"duration":null,"failureDetails":[],"failureMessages":[],"fullName":"Full Pipeline Tests pipeline finds correct TMDB match for movie10 (tmdb_id: 603)","invocations":1,"location":null,"numPassingAsserts":0,"retryReasons":[],"status":"pending","title":"pipeline finds correct TMDB match for movie10 (tmdb_id: 603)"},{"ancestorTitles":["Full Pipeline Tests"],"duration":null,"failureDetails":[],"failureMessages":[],"fullName":"Full Pipeline Tests pipeline finds correct TMDB match for movie11 (tmdb_id: 329)","invocations":1,"location":null,"numPassingAsserts":0,"retryReasons":[],"status":"pending","title":"pipeline finds correct TMDB match for movie11 (tmdb_id: 329)"},{"ancestorTitles":["Full Pipeline Tests"],"duration":null,"failureDetails":[],"failureMessages":[],"fullName":"Full Pipeline Tests pipeline finds correct TMDB match for movie12 (tmdb_id: 105)","invocations":1,"location":null,"numPassingAsserts":0,"retryReasons":[],"status":"pending","title":"pipeline finds correct TMDB match for movie12 (tmdb_id: 105)"},{"ancestorTitles":["Full Pipeline Tests"],"duration":null,"failureDetails":[],"failureMessages":[],"fullName":"Full Pipeline Tests pipeline finds correct TMDB match for movie13 (tmdb_id: 348)","invocations":1,"location":null,"numPassingAsserts":0,"retryReasons":[],"status":"pending","title":"pipeline finds correct TMDB match for movie13 (tmdb_id: 348)"},{"ancestorTitles":["Full Pipeline Tests"],"duration":null,"failureDetails":[],"failureMessages":[],"fullName":"Full Pipeline Tests pipeline finds correct TMDB match for movie14 (tmdb_id: 1184918)","invocations":1,"location":null,"numPassingAsserts":0,"retryReasons":[],"status":"pending","title":"pipeline finds correct TMDB match for movie14 (tmdb_id: 1184918)"},{"ancestorTitles":["Full Pipeline Tests"],"duration":null,"failureDetails":[],"failureMessages":[],"fullName":"Full Pipeline Tests pipeline finds correct TMDB match for movie15 (tmdb_id: 1119878)","invocations":1,"location":null,"numPassingAsserts":0,"retryReasons":[],"status":"pending","title":"pipeline finds correct TMDB match for movie15 (tmdb_id: 1119878)"},{"ancestorTitles":["Full Pipeline Tests"],"duration":null,"failureDetails":[],"failureMessages":[],"fullName":"Full Pipeline Tests pipeline finds correct TMDB match for movie16 (tmdb_id: 7797)","invocations":1,"location":null,"numPassingAsserts":0,"retryReasons":[],"status":"pending","title":"pipeline finds correct TMDB match for movie16 (tmdb_id: 7797)"},{"ancestorTitles":["Full Pipeline Tests"],"duration":null,"failureDetails":[],"failureMessages":[],"fullName":"Full Pipeline Tests pipeline finds correct TMDB match for movie17 (tmdb_id: 6479)","invocations":1,"location":null,"numPassingAsserts":0,"retryReasons":[],"status":"pending","title":"pipeline finds correct TMDB match for movie17 (tmdb_id: 6479)"},{"ancestorTitles":["Full Pipeline Tests"],"duration":null,"failureDetails":[],"failureMessages":[],"fullName":"Full Pipeline Tests pipeline finds correct TMDB match for movie2 (tmdb_id: 854)","invocations":1,"location":null,"numPassingAsserts":0,"retryReasons":[],"status":"pending","title":"pipeline finds correct TMDB match for movie2 (tmdb_id: 854)"},{"ancestorTitles":["Full Pipeline Tests"],"duration":null,"failureDetails":[],"failureMessages":[],"fullName":"Full Pipeline Tests pipeline finds correct TMDB match for movie3 (tmdb_id: 762509)","invocations":1,"location":null,"numPassingAsserts":0,"retryReasons":[],"status":"pending","title":"pipeline finds correct TMDB match for movie3 (tmdb_id: 762509)"},{"ancestorTitles":["Full Pipeline Tests"],"duration":null,"failureDetails":[],"failureMessages":[],"fullName":"Full Pipeline Tests pipeline finds correct TMDB match for movie4 (tmdb_id: 77338)","invocations":1,"location":null,"numPassingAsserts":0,"retryReasons":[],"status":"pending","title":"pipeline finds correct TMDB match for movie4 (tmdb_id: 77338)"},{"ancestorTitles":["Full Pipeline Tests"],"duration":null,"failureDetails":[],"failureMessages":[],"fullName":"Full Pipeline Tests pipeline finds correct TMDB match for movie5 (tmdb_id: 194)","invocations":1,"location":null,"numPassingAsserts":0,"retryReasons":[],"status":"pending","title":"pipeline finds correct TMDB match for movie5 (tmdb_id: 194)"},{"ancestorTitles":["Full Pipeline Tests"],"duration":null,"failureDetails":[],"failureMessages":[],"fullName":"Full Pipeline Tests pipeline finds correct TMDB match for movie6 (tmdb_id: 387)","invocations":1,"location":null,"numPassingAsserts":0,"retryReasons":[],"status":"pending","title":"pipeline finds correct TMDB match for movie6 (tmdb_id: 387)"},{"ancestorTitles":["Full Pipeline Tests"],"duration":null,"failureDetails":[],"failureMessages":[],"fullName":"Full Pipeline Tests pipeline finds correct TMDB match for movie7 (tmdb_id: 613)","invocations":1,"location":null,"numPassingAsserts":0,"retryReasons":[],"status":"pending","title":"pipeline finds correct TMDB match for movie7 (tmdb_id: 613)"},{"ancestorTitles":["Full Pipeline Tests"],"duration":null,"failureDetails":[],"failureMessages":[],"fullName":"Full Pipeline Tests pipeline finds correct TMDB match for movie8 (tmdb_id: 98)","invocations":1,"location":null,"numPassingAsserts":0,"retryReasons":[],"status":"pending","title":"pipeline finds correct TMDB match for movie8 (tmdb_id: 98)"},{"ancestorTitles":["Full Pipeline Tests"],"duration":null,"failureDetails":[],"failureMessages":[],"fullName":"Full Pipeline Tests pipeline finds correct TMDB match for movie9 (tmdb_id: 27205)","invocations":1,"location":null,"numPassingAsserts":0,"retryReasons":[],"status":"pending","title":"pipeline finds correct TMDB match for movie9 (tmdb_id: 27205)"}],"endTime":1771431830574,"message":"  ● LLM Integration Tests › LLM extraction tests › extracts title from movie15\n\n    expect(received).toBeLessThanOrEqual(expected)\n\n    Expected: <= 2\n    Received:    5\n\n      177 |           // If expected year is known and LLM returned a year, it should be close\n      178 |           if (evalset.expected.year && result.year) {\n    > 179 |             expect(Math.abs(result.year - evalset.expected.year)).toBeLessThanOrEqual(2);\n          |                                                                   ^\n      180 |           }\n      181 |         } catch (e) {\n      182 |           // WebP images may not be supported by the vision model\n\n      at Object.toBeLessThanOrEqual (tests/coverScan.test.js:179:67)\n","name":"/Users/rjl/Projects/filmdex/backend/tests/coverScan.test.js","startTime":1771431750202,"status":"failed","summary":""},{"assertionResults":[{"ancestorTitles":["Book Cover Import"],"duration":4189,"failureDetails":[],"failureMessages":[],"fullName":"Book Cover Import book1.jpg (Lessons in Chemistry)","invocations":1,"location":null,"numPassingAsserts":12,"retryReasons":[],"status":"passed","title":"book1.jpg (Lessons in Chemistry)"},{"ancestorTitles":["Book Cover Import"],"duration":4869,"failureDetails":[],"failureMessages":[],"fullName":"Book Cover Import book10.jpg (Les carnets de Cerise T1)","invocations":1,"location":null,"numPassingAsserts":12,"retryReasons":[],"status":"passed","title":"book10.jpg (Les carnets de Cerise T1)"},{"ancestorTitles":["Book Cover Import"],"duration":4792,"failureDetails":[],"failureMessages":[],"fullName":"Book Cover Import book11.jpg (Les carnets de Cerise T02)","invocations":1,"location":null,"numPassingAsserts":12,"retryReasons":[],"status":"passed","title":"book11.jpg (Les carnets de Cerise T02)"},{"ancestorTitles":["Book Cover Import"],"duration":4762,"failureDetails":[],"failureMessages":[],"fullName":"Book Cover Import book12.jpeg (Les carnets de Cerise T03)","invocations":1,"location":null,"numPassingAsserts":12,"retryReasons":[],"status":"passed","title":"book12.jpeg (Les carnets de Cerise T03)"},{"ancestorTitles":["Book Cover Import"],"duration":5237,"failureDetails":[{"matcherResult":{"actual":false,"expected":true,"message":"expect(received).toBe(expected) // Object.is equality\n\nExpected: true\nReceived: false","name":"toBe","pass":false}}],"failureMessages":["Error: expect(received).toBe(expected) // Object.is equality\n\nExpected: true\nReceived: false\n    at toBe (/Users/rjl/Projects/filmdex/backend/tests/bookImport.test.js:61:26)\n    at processTicksAndRejections (node:internal/process/task_queues:105:5)"],"fullName":"Book Cover Import book13.jpg (Les Royaumes de Feu BD T1 - La Prophétie)","invocations":1,"location":null,"numPassingAsserts":8,"retryReasons":[],"status":"failed","title":"book13.jpg (Les Royaumes de Feu BD T1 - La Prophétie)"},{"ancestorTitles":["Book Cover Import"],"duration":6918,"failureDetails":[{"matcherResult":{"actual":false,"expected":true,"message":"expect(received).toBe(expected) // Object.is equality\n\nExpected: true\nReceived: false","name":"toBe","pass":false}}],"failureMessages":["Error: expect(received).toBe(expected) // Object.is equality\n\nExpected: true\nReceived: false\n    at toBe (/Users/rjl/Projects/filmdex/backend/tests/bookImport.test.js:61:26)\n    at processTicksAndRejections (node:internal/process/task_queues:105:5)"],"fullName":"Book Cover Import book14.jpg (Les Royaumes de Feu BD T2 - La Princesse disparue)","invocations":1,"location":null,"numPassingAsserts":8,"retryReasons":[],"status":"failed","title":"book14.jpg (Les Royaumes de Feu BD T2 - La Princesse disparue)"},{"ancestorTitles":["Book Cover Import"],"duration":4823,"failureDetails":[],"failureMessages":[],"fullName":"Book Cover Import book15.jpg (Les Royaumes de Feu BD T3 - Au cœur de la jungle)","invocations":1,"location":null,"numPassingAsserts":12,"retryReasons":[],"status":"passed","title":"book15.jpg (Les Royaumes de Feu BD T3 - Au cœur de la jungle)"},{"ancestorTitles":["Book Cover Import"],"duration":4798,"failureDetails":[],"failureMessages":[],"fullName":"Book Cover Import book16.png (Chi : une vie de chat)","invocations":1,"location":null,"numPassingAsserts":12,"retryReasons":[],"status":"passed","title":"book16.png (Chi : une vie de chat)"},{"ancestorTitles":["Book Cover Import"],"duration":4531,"failureDetails":[],"failureMessages":[],"fullName":"Book Cover Import book17.jpg (Sorceline Book 2)","invocations":1,"location":null,"numPassingAsserts":12,"retryReasons":[],"status":"passed","title":"book17.jpg (Sorceline Book 2)"},{"ancestorTitles":["Book Cover Import"],"duration":5314,"failureDetails":[],"failureMessages":[],"fullName":"Book Cover Import book18.jpg (Sorceline Book 3)","invocations":1,"location":null,"numPassingAsserts":12,"retryReasons":[],"status":"passed","title":"book18.jpg (Sorceline Book 3)"},{"ancestorTitles":["Book Cover Import"],"duration":6763,"failureDetails":[],"failureMessages":[],"fullName":"Book Cover Import book19.jpg (Les Sortilèges de Zora T02)","invocations":1,"location":null,"numPassingAsserts":12,"retryReasons":[],"status":"passed","title":"book19.jpg (Les Sortilèges de Zora T02)"},{"ancestorTitles":["Book Cover Import"],"duration":2789,"failureDetails":[],"failureMessages":[],"fullName":"Book Cover Import book2.jpg (La Servante écarlate)","invocations":1,"location":null,"numPassingAsserts":12,"retryReasons":[],"status":"passed","title":"book2.jpg (La Servante écarlate)"},{"ancestorTitles":["Book Cover Import"],"duration":6546,"failureDetails":[],"failureMessages":[],"fullName":"Book Cover Import book20.jpg (Frieren T1)","invocations":1,"location":null,"numPassingAsserts":12,"retryReasons":[],"status":"passed","title":"book20.jpg (Frieren T1)"},{"ancestorTitles":["Book Cover Import"],"duration":2977,"failureDetails":[{"matcherResult":{"actual":false,"expected":true,"message":"expect(received).toBe(expected) // Object.is equality\n\nExpected: true\nReceived: false","name":"toBe","pass":false}}],"failureMessages":["Error: expect(received).toBe(expected) // Object.is equality\n\nExpected: true\nReceived: false\n    at toBe (/Users/rjl/Projects/filmdex/backend/tests/bookImport.test.js:61:26)\n    at processTicksAndRejections (node:internal/process/task_queues:105:5)"],"fullName":"Book Cover Import book21.jpg (La Rose Ecarlate T04)","invocations":1,"location":null,"numPassingAsserts":8,"retryReasons":[],"status":"failed","title":"book21.jpg (La Rose Ecarlate T04)"},{"ancestorTitles":["Book Cover Import"],"duration":4589,"failureDetails":[{"matcherResult":{"actual":"book","expected":"score","message":"expect(received).toBe(expected) // Object.is equality\n\nExpected: \"score\"\nReceived: \"book\"","name":"toBe","pass":false}}],"failureMessages":["Error: expect(received).toBe(expected) // Object.is equality\n\nExpected: \"score\"\nReceived: \"book\"\n    at toBe (/Users/rjl/Projects/filmdex/backend/tests/bookImport.test.js:95:32)\n    at processTicksAndRejections (node:internal/process/task_queues:105:5)"],"fullName":"Book Cover Import book22.jpg (Improve your sight-reading!)","invocations":1,"location":null,"numPassingAsserts":10,"retryReasons":[],"status":"failed","title":"book22.jpg (Improve your sight-reading!)"},{"ancestorTitles":["Book Cover Import"],"duration":4703,"failureDetails":[],"failureMessages":[],"fullName":"Book Cover Import book23.jpg (The Harry Potter Piano Anthology)","invocations":1,"location":null,"numPassingAsserts":11,"retryReasons":[],"status":"passed","title":"book23.jpg (The Harry Potter Piano Anthology)"},{"ancestorTitles":["Book Cover Import"],"duration":2661,"failureDetails":[],"failureMessages":[],"fullName":"Book Cover Import book24.jpg (The Best Movie Themes Ever)","invocations":1,"location":null,"numPassingAsserts":11,"retryReasons":[],"status":"passed","title":"book24.jpg (The Best Movie Themes Ever)"},{"ancestorTitles":["Book Cover Import"],"duration":2791,"failureDetails":[{"matcherResult":{"actual":"de","expected":"en","message":"expect(received).toBe(expected) // Object.is equality\n\nExpected: \"en\"\nReceived: \"de\"","name":"toBe","pass":false}}],"failureMessages":["Error: expect(received).toBe(expected) // Object.is equality\n\nExpected: \"en\"\nReceived: \"de\"\n    at toBe (/Users/rjl/Projects/filmdex/backend/tests/bookImport.test.js:96:31)\n    at processTicksAndRejections (node:internal/process/task_queues:105:5)"],"fullName":"Book Cover Import book25.jpg (Das wohltemperierte Klavier)","invocations":1,"location":null,"numPassingAsserts":11,"retryReasons":[],"status":"failed","title":"book25.jpg (Das wohltemperierte Klavier)"},{"ancestorTitles":["Book Cover Import"],"duration":2531,"failureDetails":[],"failureMessages":[],"fullName":"Book Cover Import book3.jpg (The Testaments)","invocations":1,"location":null,"numPassingAsserts":12,"retryReasons":[],"status":"passed","title":"book3.jpg (The Testaments)"},{"ancestorTitles":["Book Cover Import"],"duration":2972,"failureDetails":[{"matcherResult":{"actual":"graphic-novel","expected":"book","message":"expect(received).toBe(expected) // Object.is equality\n\nExpected: \"book\"\nReceived: \"graphic-novel\"","name":"toBe","pass":false}}],"failureMessages":["Error: expect(received).toBe(expected) // Object.is equality\n\nExpected: \"book\"\nReceived: \"graphic-novel\"\n    at toBe (/Users/rjl/Projects/filmdex/backend/tests/bookImport.test.js:95:32)\n    at processTicksAndRejections (node:internal/process/task_queues:105:5)"],"fullName":"Book Cover Import book4.jpg (Parable of the Sower)","invocations":1,"location":null,"numPassingAsserts":10,"retryReasons":[],"status":"failed","title":"book4.jpg (Parable of the Sower)"},{"ancestorTitles":["Book Cover Import"],"duration":2566,"failureDetails":[],"failureMessages":[],"fullName":"Book Cover Import book5.jpg (Parable of the Talents)","invocations":1,"location":null,"numPassingAsserts":12,"retryReasons":[],"status":"passed","title":"book5.jpg (Parable of the Talents)"},{"ancestorTitles":["Book Cover Import"],"duration":2608,"failureDetails":[],"failureMessages":[],"fullName":"Book Cover Import book6.webp (Station Eleven)","invocations":1,"location":null,"numPassingAsserts":12,"retryReasons":[],"status":"passed","title":"book6.webp (Station Eleven)"},{"ancestorTitles":["Book Cover Import"],"duration":2599,"failureDetails":[],"failureMessages":[],"fullName":"Book Cover Import book7.jpg (The Man in the High Castle)","invocations":1,"location":null,"numPassingAsserts":12,"retryReasons":[],"status":"passed","title":"book7.jpg (The Man in the High Castle)"},{"ancestorTitles":["Book Cover Import"],"duration":2656,"failureDetails":[],"failureMessages":[],"fullName":"Book Cover Import book8.jpg (The Clean Coder)","invocations":1,"location":null,"numPassingAsserts":12,"retryReasons":[],"status":"passed","title":"book8.jpg (The Clean Coder)"},{"ancestorTitles":["Book Cover Import"],"duration":2534,"failureDetails":[],"failureMessages":[],"fullName":"Book Cover Import book9.jpg (Conclave)","invocations":1,"location":null,"numPassingAsserts":12,"retryReasons":[],"status":"passed","title":"book9.jpg (Conclave)"}],"endTime":1771431854432,"message":"  ● Book Cover Import › book13.jpg (Les Royaumes de Feu BD T1 - La Prophétie)\n\n    expect(received).toBe(expected) // Object.is equality\n\n    Expected: true\n    Received: false\n\n      59 |         console.warn(`  Title mismatch for ${image}: expected \"${expected.title}\", got \"${result.title}\"`);\n      60 |       }\n    > 61 |       expect(titleMatch).toBe(true);\n         |                          ^\n      62 |\n      63 |       // Author check (at least first expected author found, case-insensitive)\n      64 |       // Handles reversed names (e.g. \"Kanata Konami\" vs \"Konami Kanata\")\n\n      at toBe (tests/bookImport.test.js:61:26)\n\n  ● Book Cover Import › book14.jpg (Les Royaumes de Feu BD T2 - La Princesse disparue)\n\n    expect(received).toBe(expected) // Object.is equality\n\n    Expected: true\n    Received: false\n\n      59 |         console.warn(`  Title mismatch for ${image}: expected \"${expected.title}\", got \"${result.title}\"`);\n      60 |       }\n    > 61 |       expect(titleMatch).toBe(true);\n         |                          ^\n      62 |\n      63 |       // Author check (at least first expected author found, case-insensitive)\n      64 |       // Handles reversed names (e.g. \"Kanata Konami\" vs \"Konami Kanata\")\n\n      at toBe (tests/bookImport.test.js:61:26)\n\n  ● Book Cover Import › book21.jpg (La Rose Ecarlate T04)\n\n    expect(received).toBe(expected) // Object.is equality\n\n    Expected: true\n    Received: false\n\n      59 |         console.warn(`  Title mismatch for ${image}: expected \"${expected.title}\", got \"${result.title}\"`);\n      60 |       }\n    > 61 |       expect(titleMatch).toBe(true);\n         |                          ^\n      62 |\n      63 |       // Author check (at least first expected author found, case-insensitive)\n      64 |       // Handles reversed names (e.g. \"Kanata Konami\" vs \"Konami Kanata\")\n\n      at toBe (tests/bookImport.test.js:61:26)\n\n  ● Book Cover Import › book22.jpg (Improve your sight-reading!)\n\n    expect(received).toBe(expected) // Object.is equality\n\n    Expected: \"score\"\n    Received: \"book\"\n\n      93 |         console.warn(`  Type mismatch for ${image}: expected \"${expected.book_type}\", got \"${result.book_type}\"`);\n      94 |       }\n    > 95 |       expect(result.book_type).toBe(expected.book_type);\n         |                                ^\n      96 |       expect(result.language).toBe(expected.language);\n      97 |\n      98 |       console.log(`  ✓ Passed: ${image}`);\n\n      at toBe (tests/bookImport.test.js:95:32)\n\n  ● Book Cover Import › book25.jpg (Das wohltemperierte Klavier)\n\n    expect(received).toBe(expected) // Object.is equality\n\n    Expected: \"en\"\n    Received: \"de\"\n\n      94 |       }\n      95 |       expect(result.book_type).toBe(expected.book_type);\n    > 96 |       expect(result.language).toBe(expected.language);\n         |                               ^\n      97 |\n      98 |       console.log(`  ✓ Passed: ${image}`);\n      99 |     },\n\n      at toBe (tests/bookImport.test.js:96:31)\n\n  ● Book Cover Import › book4.jpg (Parable of the Sower)\n\n    expect(received).toBe(expected) // Object.is equality\n\n    Expected: \"book\"\n    Received: \"graphic-novel\"\n\n      93 |         console.warn(`  Type mismatch for ${image}: expected \"${expected.book_type}\", got \"${result.book_type}\"`);\n      94 |       }\n    > 95 |       expect(result.book_type).toBe(expected.book_type);\n         |                                ^\n      96 |       expect(result.language).toBe(expected.language);\n      97 |\n      98 |       console.log(`  ✓ Passed: ${image}`);\n\n      at toBe (tests/bookImport.test.js:95:32)\n","name":"/Users/rjl/Projects/filmdex/backend/tests/bookImport.test.js","startTime":1771431750202,"status":"failed","summary":""}],"wasInterrupted":false}
